bash-share-module/android/build/intermediates/manifest_merge_blame_file/debug/processDebugManifest/manifest-merger-blame-debug-report.txt
1<?xml version="1.0" encoding="utf-8"?>
2<manifest xmlns:android="http://schemas.android.com/apk/res/android"
3    package="com.anonymous.realtimechatexpo" >
4
5    <uses-sdk android:minSdkVersion="24" />
6
7    <application android:hasCode="true" />
7-->src\main\AndroidManifest.xml:4:5-43
7-->src\main\AndroidManifest.xml:4:18-40
8
9</manifest>